running egg_info
creating ../../build/my_py_amcl/my_py_amcl.egg-info
writing ../../build/my_py_amcl/my_py_amcl.egg-info/PKG-INFO
writing dependency_links to ../../build/my_py_amcl/my_py_amcl.egg-info/dependency_links.txt
writing entry points to ../../build/my_py_amcl/my_py_amcl.egg-info/entry_points.txt
writing requirements to ../../build/my_py_amcl/my_py_amcl.egg-info/requires.txt
writing top-level names to ../../build/my_py_amcl/my_py_amcl.egg-info/top_level.txt
writing manifest file '../../build/my_py_amcl/my_py_amcl.egg-info/SOURCES.txt'
reading manifest file '../../build/my_py_amcl/my_py_amcl.egg-info/SOURCES.txt'
adding license file 'LICENSE'
writing manifest file '../../build/my_py_amcl/my_py_amcl.egg-info/SOURCES.txt'
running build
running build_py
creating /home/mateo/Desktop/tp_final_robotica/build/my_py_amcl/build/lib/my_py_amcl
copying my_py_amcl/__init__.py -> /home/mateo/Desktop/tp_final_robotica/build/my_py_amcl/build/lib/my_py_amcl
copying my_py_amcl/amcl_node.py -> /home/mateo/Desktop/tp_final_robotica/build/my_py_amcl/build/lib/my_py_amcl
running install
running install_lib
creating /home/mateo/Desktop/tp_final_robotica/install/my_py_amcl/lib/python3.11/site-packages/my_py_amcl
copying /home/mateo/Desktop/tp_final_robotica/build/my_py_amcl/build/lib/my_py_amcl/__init__.py -> /home/mateo/Desktop/tp_final_robotica/install/my_py_amcl/lib/python3.11/site-packages/my_py_amcl
copying /home/mateo/Desktop/tp_final_robotica/build/my_py_amcl/build/lib/my_py_amcl/amcl_node.py -> /home/mateo/Desktop/tp_final_robotica/install/my_py_amcl/lib/python3.11/site-packages/my_py_amcl
byte-compiling /home/mateo/Desktop/tp_final_robotica/install/my_py_amcl/lib/python3.11/site-packages/my_py_amcl/__init__.py to __init__.cpython-311.pyc
byte-compiling /home/mateo/Desktop/tp_final_robotica/install/my_py_amcl/lib/python3.11/site-packages/my_py_amcl/amcl_node.py to amcl_node.cpython-311.pyc
running install_data
creating /home/mateo/Desktop/tp_final_robotica/install/my_py_amcl/share/ament_index/resource_index/packages
copying resource/my_py_amcl -> /home/mateo/Desktop/tp_final_robotica/install/my_py_amcl/share/ament_index/resource_index/packages
copying package.xml -> /home/mateo/Desktop/tp_final_robotica/install/my_py_amcl/share/my_py_amcl
creating /home/mateo/Desktop/tp_final_robotica/install/my_py_amcl/share/my_py_amcl/launch
copying launch/amcl_maze.launch.py -> /home/mateo/Desktop/tp_final_robotica/install/my_py_amcl/share/my_py_amcl/launch
creating /home/mateo/Desktop/tp_final_robotica/install/my_py_amcl/share/my_py_amcl/rviz
copying rviz/amcl.rviz -> /home/mateo/Desktop/tp_final_robotica/install/my_py_amcl/share/my_py_amcl/rviz
creating /home/mateo/Desktop/tp_final_robotica/install/my_py_amcl/share/my_py_amcl/maps
copying maps/map.yaml -> /home/mateo/Desktop/tp_final_robotica/install/my_py_amcl/share/my_py_amcl/maps
copying maps/map.pgm -> /home/mateo/Desktop/tp_final_robotica/install/my_py_amcl/share/my_py_amcl/maps
creating /home/mateo/Desktop/tp_final_robotica/install/my_py_amcl/share/my_py_amcl/config
copying config/costmap.yaml -> /home/mateo/Desktop/tp_final_robotica/install/my_py_amcl/share/my_py_amcl/config
running install_egg_info
Copying ../../build/my_py_amcl/my_py_amcl.egg-info to /home/mateo/Desktop/tp_final_robotica/install/my_py_amcl/lib/python3.11/site-packages/my_py_amcl-0.0.0-py3.11.egg-info
running install_scripts
Installing amcl_node script to /home/mateo/Desktop/tp_final_robotica/install/my_py_amcl/lib/my_py_amcl
writing list of installed files to '/home/mateo/Desktop/tp_final_robotica/build/my_py_amcl/install.log'
